\BOOKMARK [0][-]{dummy.1}{\376\377\000C\000e\000r\000t\000i\000f\000i\000c\000a\000t\000e}{}% 1
\BOOKMARK [0][-]{dummy.2}{\376\377\000A\000b\000s\000t\000r\000a\000c\000t}{}% 2
\BOOKMARK [0][-]{dummy.3}{\376\377\000A\000c\000k\000n\000o\000w\000l\000e\000d\000g\000e\000m\000e\000n\000t\000s}{}% 3
\BOOKMARK [0][-]{dummy.4}{\376\377\000C\000o\000n\000t\000e\000n\000t\000s}{}% 4
\BOOKMARK [0][-]{dummy.6}{\376\377\000L\000i\000s\000t\000\040\000o\000f\000\040\000F\000i\000g\000u\000r\000e\000s}{}% 5
\BOOKMARK [0][-]{dummy.8}{\376\377\000L\000i\000s\000t\000\040\000o\000f\000\040\000T\000a\000b\000l\000e\000s}{}% 6
\BOOKMARK [0][-]{chapter.10}{\376\377\0001\000\040\000I\000n\000t\000r\000o\000d\000u\000c\000t\000i\000o\000n}{}% 7
\BOOKMARK [1][-]{section.11}{\376\377\0001\000.\0001\000\040\000M\000o\000t\000i\000v\000a\000t\000i\000o\000n}{chapter.10}% 8
\BOOKMARK [1][-]{section.12}{\376\377\0001\000.\0002\000\040\000P\000r\000o\000b\000l\000e\000m\000\040\000S\000t\000a\000t\000e\000m\000e\000n\000t}{chapter.10}% 9
\BOOKMARK [1][-]{section.13}{\376\377\0001\000.\0003\000\040\000O\000u\000t\000l\000i\000n\000e\000\040\000o\000f\000\040\000t\000h\000e\000\040\000T\000h\000e\000s\000i\000s}{chapter.10}% 10
\BOOKMARK [0][-]{chapter.14}{\376\377\0002\000\040\000B\000a\000c\000k\000g\000r\000o\000u\000n\000d\000\040\000a\000n\000d\000\040\000R\000e\000l\000a\000t\000e\000d\000\040\000W\000o\000r\000k}{}% 11
\BOOKMARK [0][-]{chapter.15}{\376\377\0003\000\040\000D\000a\000t\000a\000\040\000S\000e\000t}{}% 12
\BOOKMARK [1][-]{section.16}{\376\377\0003\000.\0001\000\040\000D\000e\000s\000c\000r\000i\000p\000t\000i\000o\000n\000\040\000o\000f\000\040\000D\000a\000t\000a\000\040\000s\000e\000t\000s}{chapter.15}% 13
\BOOKMARK [1][-]{section.17}{\376\377\0003\000.\0002\000\040\000A\000u\000g\000m\000e\000n\000t\000a\000t\000i\000o\000n\000\040\000o\000f\000\040\000S\000o\000c\000i\000a\000l\000\040\000M\000e\000t\000a\000-\000d\000a\000t\000a}{chapter.15}% 14
\BOOKMARK [1][-]{section.18}{\376\377\0003\000.\0003\000\040\000P\000r\000e\000l\000i\000m\000i\000n\000a\000r\000y\000\040\000O\000b\000s\000e\000r\000v\000a\000t\000i\000o\000n\000\040\000o\000f\000\040\000D\000a\000t\000a\000\040\000s\000e\000t}{chapter.15}% 15
\BOOKMARK [1][-]{section.23}{\376\377\0003\000.\0004\000\040\000L\000a\000b\000e\000l\000\040\000S\000e\000l\000e\000c\000t\000i\000o\000n\000\040\000f\000o\000r\000\040\000C\000l\000a\000s\000s\000i\000f\000i\000c\000a\000t\000i\000o\000n\000\040\000P\000r\000o\000b\000l\000e\000m}{chapter.15}% 16
\BOOKMARK [1][-]{section.25}{\376\377\0003\000.\0005\000\040\000C\000o\000m\000p\000a\000r\000i\000s\000o\000n\000\040\000o\000f\000\040\000R\000e\000s\000u\000l\000t\000s}{chapter.15}% 17
\BOOKMARK [0][-]{chapter.26}{\376\377\0004\000\040\000F\000e\000a\000t\000u\000r\000e\000\040\000E\000x\000t\000r\000a\000c\000t\000i\000o\000n}{}% 18
\BOOKMARK [1][-]{section.27}{\376\377\0004\000.\0001\000\040\000I\000m\000a\000g\000e\000\040\000C\000o\000n\000t\000e\000n\000t\000\040\000B\000a\000s\000e\000d\000\040\000F\000e\000a\000t\000u\000r\000e\000\040\000E\000x\000t\000r\000a\000c\000t\000i\000o\000n}{chapter.26}% 19
\BOOKMARK [2][-]{subsection.28}{\376\377\0004\000.\0001\000.\0001\000\040\000S\000I\000F\000T\000\040\000F\000e\000a\000t\000u\000r\000e\000s}{section.27}% 20
\BOOKMARK [2][-]{subsection.33}{\376\377\0004\000.\0001\000.\0002\000\040\000G\000I\000S\000T\000\040\000F\000e\000a\000t\000u\000r\000e\000s}{section.27}% 21
\BOOKMARK [2][-]{subsection.35}{\376\377\0004\000.\0001\000.\0003\000\040\000C\000O\000L\000O\000R\000\040\000S\000p\000a\000c\000e\000\040\000F\000e\000a\000t\000u\000r\000e\000s}{section.27}% 22
\BOOKMARK [2][-]{subsection.39}{\376\377\0004\000.\0001\000.\0004\000\040\000T\000e\000x\000t\000u\000r\000e\000/\000\040\000G\000L\000C\000M\000\040\000F\000e\000a\000t\000u\000r\000e\000\040\000E\000x\000t\000r\000a\000c\000t\000i\000o\000n}{section.27}% 23
\BOOKMARK [2][-]{subsection.41}{\376\377\0004\000.\0001\000.\0005\000\040\000H\000O\000G\000-\000L\000B\000P\000\040\000F\000e\000a\000t\000u\000r\000e\000s}{section.27}% 24
\BOOKMARK [1][-]{section.44}{\376\377\0004\000.\0002\000\040\000S\000o\000c\000i\000a\000l\000\040\000C\000o\000n\000t\000e\000n\000t\000\040\000B\000a\000s\000e\000d\000\040\000F\000e\000a\000t\000u\000r\000e\000\040\000E\000x\000t\000r\000a\000c\000t\000i\000o\000n}{chapter.26}% 25
\BOOKMARK [2][-]{subsection.45}{\376\377\0004\000.\0002\000.\0001\000\040\000P\000r\000e\000-\000a\000n\000a\000l\000y\000s\000i\000s\000\040\000o\000f\000\040\000S\000o\000c\000i\000a\000l\000\040\000D\000a\000t\000a}{section.44}% 26
\BOOKMARK [2][-]{subsection.46}{\376\377\0004\000.\0002\000.\0002\000\040\000C\000o\000n\000s\000t\000r\000u\000c\000t\000i\000n\000g\000\040\000N\000o\000d\000e\000\040\000F\000e\000a\000t\000u\000r\000e\000s}{section.44}% 27
\BOOKMARK [2][-]{subsection.47}{\376\377\0004\000.\0002\000.\0003\000\040\000A\000p\000p\000l\000y\000i\000n\000g\000\040\000T\000e\000x\000t\000\040\000P\000r\000o\000c\000e\000s\000s\000i\000n\000g\000/\000T\000o\000p\000i\000c\000\040\000M\000o\000d\000e\000l\000i\000n\000g\000\040\000M\000e\000t\000h\000o\000d\000s\000\040\000o\000n\000\040\000B\000i\000n\000a\000r\000y\000\040\000S\000o\000c\000i\000a\000l\000\040\000F\000e\000a\000t\000u\000r\000e\000s}{section.44}% 28
\BOOKMARK [3][-]{subsubsection.48}{\376\377\0004\000.\0002\000.\0003\000.\0001\000\040\000L\000a\000t\000e\000n\000t\000\040\000S\000e\000m\000a\000n\000t\000i\000c\000\040\000I\000n\000d\000e\000x\000i\000n\000g}{subsection.47}% 29
\BOOKMARK [3][-]{subsubsection.51}{\376\377\0004\000.\0002\000.\0003\000.\0002\000\040\000L\000a\000t\000e\000n\000t\000\040\000D\000i\000r\000i\000c\000h\000l\000e\000t\000\040\000a\000l\000l\000o\000c\000a\000t\000i\000o\000n}{subsection.47}% 30
\BOOKMARK [3][-]{subsubsection.53}{\376\377\0004\000.\0002\000.\0003\000.\0003\000\040\000R\000a\000n\000d\000o\000m\000\040\000P\000r\000o\000j\000e\000c\000t\000i\000o\000n\000s}{subsection.47}% 31
\BOOKMARK [2][-]{subsection.54}{\376\377\0004\000.\0002\000.\0004\000\040\000I\000m\000p\000l\000e\000m\000e\000n\000t\000a\000t\000i\000o\000n\000\040\000o\000f\000\040\000D\000i\000m\000e\000n\000s\000i\000o\000n\000a\000l\000i\000t\000y\000\040\000r\000e\000d\000u\000c\000t\000i\000o\000n}{section.44}% 32
\BOOKMARK [0][-]{chapter.55}{\376\377\0005\000\040\000E\000x\000p\000e\000r\000i\000m\000e\000n\000t\000a\000l\000\040\000R\000e\000s\000u\000l\000t\000s}{}% 33
\BOOKMARK [1][-]{section.56}{\376\377\0005\000.\0001\000\040\000F\000e\000a\000t\000u\000r\000e\000\040\000V\000e\000c\000t\000o\000r\000s}{chapter.55}% 34
\BOOKMARK [1][-]{section.57}{\376\377\0005\000.\0002\000\040\000C\000l\000a\000s\000s\000i\000f\000i\000e\000r\000s\000\040\000U\000s\000e\000d}{chapter.55}% 35
\BOOKMARK [1][-]{section.58}{\376\377\0005\000.\0003\000\040\000C\000l\000a\000s\000s\000i\000f\000i\000c\000a\000t\000i\000o\000n\000\040\000R\000e\000s\000u\000l\000t\000s}{chapter.55}% 36
\BOOKMARK [2][-]{subsection.59}{\376\377\0005\000.\0003\000.\0001\000\040\000M\000I\000R\000\040\000F\000l\000i\000c\000k\000r\000\040\000c\000o\000l\000l\000e\000c\000t\000i\000o\000n\000\040}{section.58}% 37
\BOOKMARK [2][-]{subsection.68}{\376\377\0005\000.\0003\000.\0002\000\040\000I\000m\000a\000g\000e\000C\000L\000E\000F}{section.58}% 38
\BOOKMARK [2][-]{subsection.76}{\376\377\0005\000.\0003\000.\0003\000\040\000P\000A\000S\000C\000A\000L}{section.58}% 39
\BOOKMARK [2][-]{subsection.84}{\376\377\0005\000.\0003\000.\0004\000\040\000N\000U\000S}{section.58}% 40
\BOOKMARK [0][-]{chapter.92}{\376\377\0006\000\040\000C\000o\000n\000c\000l\000u\000s\000i\000o\000n\000\040\000a\000n\000d\000\040\000F\000u\000t\000u\000r\000e\000\040\000W\000o\000r\000k}{}% 41
\BOOKMARK [1][-]{section.93}{\376\377\0006\000.\0001\000\040\000F\000u\000t\000u\000r\000e\000\040\000W\000o\000r\000k}{chapter.92}% 42
\BOOKMARK [0][-]{dummy.94}{\376\377\000B\000i\000b\000l\000i\000o\000g\000r\000a\000p\000h\000y}{}% 43
